mode: count
tp07/back/handlers.go:16.32,18.2 1 34
tp07/back/handlers.go:22.50,23.76 1 34
tp07/back/handlers.go:23.76,25.19 2 8
tp07/back/handlers.go:26.23,27.31 1 3
tp07/back/handlers.go:28.24,29.32 1 4
tp07/back/handlers.go:30.11,31.46 1 1
tp07/back/handlers.go:35.2,35.77 1 34
tp07/back/handlers.go:35.77,39.17 4 9
tp07/back/handlers.go:39.17,42.4 2 2
tp07/back/handlers.go:43.3,43.19 1 7
tp07/back/handlers.go:44.23,45.36 1 5
tp07/back/handlers.go:46.26,47.33 1 2
tp07/back/handlers.go:48.11,49.46 1 0
tp07/back/handlers.go:53.2,53.74 1 34
tp07/back/handlers.go:53.74,55.19 2 5
tp07/back/handlers.go:56.23,57.29 1 3
tp07/back/handlers.go:58.24,59.30 1 2
tp07/back/handlers.go:60.11,61.46 1 0
tp07/back/handlers.go:65.2,65.75 1 34
tp07/back/handlers.go:65.75,68.41 3 11
tp07/back/handlers.go:68.41,69.34 1 6
tp07/back/handlers.go:69.34,72.5 2 0
tp07/back/handlers.go:73.4,76.18 4 6
tp07/back/handlers.go:76.18,79.5 2 0
tp07/back/handlers.go:80.4,81.10 2 6
tp07/back/handlers.go:83.3,83.33 1 5
tp07/back/handlers.go:83.33,86.4 2 0
tp07/back/handlers.go:87.3,88.17 2 5
tp07/back/handlers.go:88.17,91.4 2 1
tp07/back/handlers.go:92.3,92.33 1 4
tp07/back/handlers.go:95.2,95.74 1 34
tp07/back/handlers.go:95.74,97.19 2 7
tp07/back/handlers.go:98.23,99.29 1 3
tp07/back/handlers.go:100.24,101.31 1 4
tp07/back/handlers.go:102.11,103.46 1 0
tp07/back/handlers.go:108.37,110.2 1 40
tp07/back/handlers.go:112.62,115.2 2 27
tp07/back/handlers.go:121.75,123.16 2 3
tp07/back/handlers.go:123.16,126.3 2 1
tp07/back/handlers.go:127.2,127.37 1 2
tp07/back/handlers.go:130.76,132.59 2 4
tp07/back/handlers.go:132.59,135.3 2 1
tp07/back/handlers.go:136.2,137.16 2 3
tp07/back/handlers.go:137.16,140.3 2 1
tp07/back/handlers.go:141.2,142.16 2 2
tp07/back/handlers.go:142.16,145.3 2 1
tp07/back/handlers.go:146.2,147.40 2 1
tp07/back/handlers.go:150.86,152.59 2 5
tp07/back/handlers.go:152.59,155.3 2 1
tp07/back/handlers.go:156.2,157.16 2 4
tp07/back/handlers.go:157.16,160.3 2 1
tp07/back/handlers.go:161.2,162.16 2 3
tp07/back/handlers.go:162.16,163.34 1 2
tp07/back/handlers.go:163.34,166.4 2 1
tp07/back/handlers.go:167.3,168.9 2 1
tp07/back/handlers.go:170.2,170.40 1 1
tp07/back/handlers.go:173.69,174.51 1 2
tp07/back/handlers.go:174.51,175.34 1 1
tp07/back/handlers.go:175.34,178.4 2 1
tp07/back/handlers.go:179.3,180.9 2 0
tp07/back/handlers.go:182.2,182.37 1 1
tp07/back/handlers.go:201.74,203.65 2 2
tp07/back/handlers.go:203.65,206.3 2 0
tp07/back/handlers.go:207.2,207.55 1 2
tp07/back/handlers.go:207.55,210.3 2 1
tp07/back/handlers.go:211.2,219.16 2 1
tp07/back/handlers.go:219.16,222.3 2 0
tp07/back/handlers.go:223.2,224.40 2 1
tp07/back/handlers.go:227.51,228.23 1 2
tp07/back/handlers.go:228.23,230.3 1 1
tp07/back/handlers.go:231.2,231.39 1 1
tp07/back/handlers.go:231.39,233.3 1 0
tp07/back/handlers.go:234.2,234.41 1 1
tp07/back/handlers.go:234.41,236.3 1 0
tp07/back/handlers.go:237.2,237.34 1 1
tp07/back/handlers.go:237.34,239.3 1 0
tp07/back/handlers.go:240.2,240.12 1 1
tp07/back/handlers.go:243.73,245.51 2 3
tp07/back/handlers.go:245.51,247.17 2 2
tp07/back/handlers.go:247.17,250.4 2 1
tp07/back/handlers.go:251.3,251.25 1 1
tp07/back/handlers.go:253.2,253.47 1 2
tp07/back/handlers.go:253.47,255.3 1 0
tp07/back/handlers.go:256.2,256.46 1 2
tp07/back/handlers.go:256.46,258.3 1 0
tp07/back/handlers.go:260.2,261.16 2 2
tp07/back/handlers.go:261.16,264.3 2 1
tp07/back/handlers.go:265.2,266.16 2 1
tp07/back/handlers.go:266.16,269.3 2 0
tp07/back/handlers.go:270.2,273.4 1 1
tp07/back/handlers.go:283.84,285.65 2 4
tp07/back/handlers.go:285.65,288.3 2 0
tp07/back/handlers.go:289.2,289.75 1 4
tp07/back/handlers.go:289.75,292.3 2 1
tp07/back/handlers.go:293.2,299.16 2 3
tp07/back/handlers.go:299.16,300.34 1 2
tp07/back/handlers.go:300.34,303.4 2 1
tp07/back/handlers.go:304.3,304.43 1 1
tp07/back/handlers.go:304.43,307.4 2 0
tp07/back/handlers.go:308.3,309.9 2 1
tp07/back/handlers.go:311.2,311.40 1 1
tp07/back/handlers.go:318.88,320.65 2 6
tp07/back/handlers.go:320.65,323.3 2 1
tp07/back/handlers.go:324.2,325.17 2 5
tp07/back/handlers.go:325.17,328.3 2 1
tp07/back/handlers.go:329.2,330.16 2 4
tp07/back/handlers.go:330.16,331.34 1 2
tp07/back/handlers.go:331.34,334.4 2 1
tp07/back/handlers.go:335.3,335.43 1 1
tp07/back/handlers.go:335.43,338.4 2 1
tp07/back/handlers.go:339.3,340.9 2 0
tp07/back/handlers.go:342.2,342.40 1 2
tp07/back/handlers.go:367.75,369.65 2 4
tp07/back/handlers.go:369.65,372.3 2 1
tp07/back/handlers.go:373.2,373.56 1 3
tp07/back/handlers.go:373.56,376.3 2 1
tp07/back/handlers.go:377.2,386.16 2 2
tp07/back/handlers.go:386.16,389.3 2 1
tp07/back/handlers.go:390.2,391.40 2 1
tp07/back/handlers.go:394.53,395.23 1 3
tp07/back/handlers.go:395.23,397.3 1 1
tp07/back/handlers.go:398.2,398.39 1 2
tp07/back/handlers.go:398.39,400.3 1 0
tp07/back/handlers.go:401.2,401.22 1 2
tp07/back/handlers.go:401.22,403.3 1 0
tp07/back/handlers.go:404.2,404.47 1 2
tp07/back/handlers.go:404.47,406.3 1 0
tp07/back/handlers.go:407.2,407.12 1 2
tp07/back/handlers.go:410.73,412.51 2 3
tp07/back/handlers.go:412.51,414.17 2 2
tp07/back/handlers.go:414.17,417.4 2 1
tp07/back/handlers.go:418.3,418.25 1 1
tp07/back/handlers.go:420.2,420.47 1 2
tp07/back/handlers.go:420.47,422.3 1 0
tp07/back/handlers.go:424.2,425.16 2 2
tp07/back/handlers.go:425.16,428.3 2 1
tp07/back/handlers.go:429.2,430.16 2 1
tp07/back/handlers.go:430.16,433.3 2 0
tp07/back/handlers.go:434.2,440.4 1 1
tp07/back/main.go:9.13,11.15 2 0
tp07/back/main.go:11.15,13.3 1 0
tp07/back/main.go:14.2,15.16 2 0
tp07/back/main.go:15.16,17.3 1 0
tp07/back/main.go:18.2,19.37 2 0
tp07/back/main.go:19.37,21.3 1 0
tp07/back/main.go:23.2,28.16 5 0
tp07/back/main.go:28.16,30.3 1 0
tp07/back/main.go:31.2,33.65 3 0
tp07/back/main.go:33.65,35.3 1 0
tp07/back/main.go:39.47,40.71 1 1
tp07/back/main.go:40.71,49.85 5 1
tp07/back/main.go:49.85,51.4 1 0
tp07/back/main.go:51.9,53.4 1 1
tp07/back/main.go:55.3,55.82 1 1
tp07/back/main.go:55.82,57.4 1 0
tp07/back/main.go:57.9,59.4 1 1
tp07/back/main.go:61.3,61.37 1 1
tp07/back/main.go:61.37,64.4 2 1
tp07/back/main.go:65.3,65.23 1 0
tp07/back/store.go:95.43,97.16 2 37
tp07/back/store.go:97.16,99.3 1 0
tp07/back/store.go:100.2,100.28 1 37
tp07/back/store.go:103.31,104.29 1 35
tp07/back/store.go:104.29,106.3 1 0
tp07/back/store.go:107.2,107.21 1 35
tp07/back/store.go:110.30,145.2 2 37
tp07/back/store.go:147.53,149.16 2 3
tp07/back/store.go:149.16,151.3 1 1
tp07/back/store.go:152.2,156.18 3 2
tp07/back/store.go:156.18,158.51 2 2
tp07/back/store.go:158.51,160.4 1 0
tp07/back/store.go:161.3,161.29 1 2
tp07/back/store.go:163.2,163.27 1 2
tp07/back/store.go:166.63,168.16 2 14
tp07/back/store.go:168.16,170.3 1 1
tp07/back/store.go:171.2,172.16 2 13
tp07/back/store.go:172.16,174.3 1 0
tp07/back/store.go:175.2,175.42 1 13
tp07/back/store.go:178.73,180.16 2 4
tp07/back/store.go:180.16,182.3 1 1
tp07/back/store.go:183.2,184.16 2 3
tp07/back/store.go:184.16,186.3 1 0
tp07/back/store.go:187.2,187.19 1 3
tp07/back/store.go:187.19,189.3 1 2
tp07/back/store.go:190.2,190.42 1 1
tp07/back/store.go:193.48,195.16 2 2
tp07/back/store.go:195.16,197.3 1 0
tp07/back/store.go:198.2,199.16 2 2
tp07/back/store.go:199.16,201.3 1 0
tp07/back/store.go:202.2,202.19 1 2
tp07/back/store.go:202.19,204.3 1 1
tp07/back/store.go:205.2,205.12 1 1
tp07/back/store.go:210.101,217.27 5 2
tp07/back/store.go:217.27,219.17 2 1
tp07/back/store.go:219.17,221.4 1 0
tp07/back/store.go:222.3,224.32 3 1
tp07/back/store.go:226.2,229.16 3 2
tp07/back/store.go:229.16,231.3 1 1
tp07/back/store.go:232.2,235.18 3 1
tp07/back/store.go:235.18,237.160 2 1
tp07/back/store.go:237.160,239.4 1 0
tp07/back/store.go:240.3,240.30 1 1
tp07/back/store.go:242.2,242.27 1 1
tp07/back/store.go:263.74,266.27 3 4
tp07/back/store.go:266.27,269.3 2 3
tp07/back/store.go:270.2,270.25 1 4
tp07/back/store.go:270.25,273.3 2 1
tp07/back/store.go:274.2,274.24 1 4
tp07/back/store.go:274.24,277.3 2 1
tp07/back/store.go:278.2,278.22 1 4
tp07/back/store.go:281.98,282.51 1 5
tp07/back/store.go:282.51,284.3 1 0
tp07/back/store.go:285.2,289.16 2 5
tp07/back/store.go:289.16,291.3 1 0
tp07/back/store.go:292.2,293.16 2 5
tp07/back/store.go:293.16,295.3 1 0
tp07/back/store.go:296.2,296.39 1 5
tp07/back/store.go:299.110,302.28 3 5
tp07/back/store.go:302.28,305.3 2 1
tp07/back/store.go:306.2,306.26 1 5
tp07/back/store.go:306.26,307.56 1 3
tp07/back/store.go:307.56,309.4 1 0
tp07/back/store.go:310.3,311.38 2 3
tp07/back/store.go:313.2,313.29 1 5
tp07/back/store.go:313.29,316.3 2 0
tp07/back/store.go:317.2,317.33 1 5
tp07/back/store.go:317.33,320.3 2 0
tp07/back/store.go:321.2,321.26 1 5
tp07/back/store.go:321.26,323.3 1 1
tp07/back/store.go:324.2,325.16 2 4
tp07/back/store.go:325.16,327.3 1 0
tp07/back/store.go:328.2,330.16 3 4
tp07/back/store.go:330.16,332.3 1 1
tp07/back/store.go:333.2,334.16 2 3
tp07/back/store.go:334.16,336.3 1 0
tp07/back/store.go:337.2,337.14 1 3
tp07/back/store.go:337.14,339.3 1 2
tp07/back/store.go:340.2,340.39 1 1
tp07/back/store.go:343.100,345.16 2 5
tp07/back/store.go:345.16,347.3 1 2
tp07/back/store.go:348.2,349.12 2 3
tp07/back/store.go:349.12,351.3 1 1
tp07/back/store.go:352.2,353.16 2 2
tp07/back/store.go:353.16,355.3 1 0
tp07/back/store.go:356.2,356.39 1 2
tp07/back/store.go:359.79,365.158 3 14
tp07/back/store.go:365.158,366.36 1 2
tp07/back/store.go:366.36,368.4 1 2
tp07/back/store.go:369.3,369.34 1 0
tp07/back/store.go:371.2,371.16 1 12
tp07/back/store.go:374.62,375.27 1 10
tp07/back/store.go:375.27,377.3 1 1
tp07/back/store.go:378.2,378.43 1 9
tp07/back/store.go:378.43,380.3 1 1
tp07/back/store.go:381.2,381.45 1 8
tp07/back/store.go:381.45,383.3 1 1
tp07/back/store.go:384.2,384.53 1 7
tp07/back/store.go:384.53,386.3 1 1
tp07/back/store.go:387.2,387.12 1 6
tp07/back/store.go:390.39,391.30 1 10
tp07/back/store.go:391.30,393.3 1 1
tp07/back/store.go:394.2,394.12 1 9
tp07/back/store.go:397.51,398.17 1 3
tp07/back/store.go:399.24,400.38 1 1
tp07/back/store.go:401.28,402.37 1 1
tp07/back/store.go:403.10,404.15 1 1
tp07/back/store.go:408.105,417.27 5 1
tp07/back/store.go:417.27,419.17 2 1
tp07/back/store.go:419.17,421.4 1 0
tp07/back/store.go:422.3,424.32 3 1
tp07/back/store.go:426.2,429.16 3 1
tp07/back/store.go:429.16,431.3 1 0
tp07/back/store.go:432.2,435.18 3 1
tp07/back/store.go:435.18,437.115 2 1
tp07/back/store.go:437.115,439.4 1 0
tp07/back/store.go:440.3,440.31 1 1
tp07/back/store.go:442.2,442.27 1 1
tp07/back/store.go:447.83,454.27 5 2
tp07/back/store.go:454.27,456.17 2 1
tp07/back/store.go:456.17,458.4 1 0
tp07/back/store.go:459.3,461.32 3 1
tp07/back/store.go:463.2,466.16 3 2
tp07/back/store.go:466.16,468.3 1 1
tp07/back/store.go:469.2,472.18 3 1
tp07/back/store.go:472.18,474.183 2 1
tp07/back/store.go:474.183,476.4 1 0
tp07/back/store.go:477.3,477.30 1 1
tp07/back/store.go:479.2,479.27 1 1
tp07/back/store.go:482.65,485.27 3 4
tp07/back/store.go:485.27,488.3 2 3
tp07/back/store.go:489.2,489.25 1 4
tp07/back/store.go:489.25,492.3 2 1
tp07/back/store.go:493.2,493.22 1 4
tp07/back/store.go:506.86,507.52 1 2
tp07/back/store.go:507.52,509.3 1 0
tp07/back/store.go:510.2,515.16 3 2
tp07/back/store.go:515.16,517.3 1 1
tp07/back/store.go:518.2,519.16 2 1
tp07/back/store.go:519.16,521.3 1 0
tp07/back/store.go:522.2,522.29 1 1
tp07/back/store.go:525.94,527.2 1 2
tp07/back/store.go:529.59,530.27 1 8
tp07/back/store.go:530.27,532.3 1 1
tp07/back/store.go:533.2,533.43 1 7
tp07/back/store.go:533.43,535.3 1 1
tp07/back/store.go:536.2,536.26 1 6
tp07/back/store.go:536.26,538.3 1 1
tp07/back/store.go:539.2,539.55 1 5
tp07/back/store.go:539.55,541.3 1 2
tp07/back/store.go:542.2,542.12 1 3
tp07/back/store.go:545.65,551.181 3 1
tp07/back/store.go:551.181,552.36 1 0
tp07/back/store.go:552.36,554.4 1 0
tp07/back/store.go:555.3,555.30 1 0
tp07/back/store.go:557.2,557.16 1 1
tp07/back/store.go:560.92,566.27 5 1
tp07/back/store.go:566.27,568.17 2 1
tp07/back/store.go:568.17,570.4 1 0
tp07/back/store.go:571.3,573.32 3 1
tp07/back/store.go:575.2,578.16 3 1
tp07/back/store.go:578.16,580.3 1 0
tp07/back/store.go:581.2,585.18 4 1
tp07/back/store.go:585.18,587.60 2 1
tp07/back/store.go:587.60,589.4 1 0
tp07/back/store.go:590.3,591.26 2 1
tp07/back/store.go:593.2,593.35 1 1
tp07/back/store.go:593.35,595.3 1 0
tp07/back/store.go:596.2,596.35 1 1
tp07/back/store.go:599.100,600.23 1 11
tp07/back/store.go:600.23,602.3 1 1
tp07/back/store.go:603.2,603.33 1 10
tp07/back/store.go:603.33,604.36 1 10
tp07/back/store.go:604.36,606.4 1 1
tp07/back/store.go:608.2,608.40 1 9
